2018-09-10T15:21:00+00:00 CRITICAL Uncaught Error: Call to a member function is_on_sale() on null in D:\xampp\htdocs\mocha\wp-content\plugins\woocommerce\templates\loop\sale-flash.php:26
Stack trace:
#0 D:\xampp\htdocs\mocha\wp-content\plugins\woocommerce\includes\wc-core-functions.php(210): include()
#1 D:\xampp\htdocs\mocha\wp-content\plugins\woocommerce\includes\wc-template-functions.php(1245): wc_get_template('loop/sale-flash...')
#2 D:\xampp\htdocs\mocha\wp-includes\class-wp-hook.php(286): woocommerce_show_product_loop_sale_flash('')
#3 D:\xampp\htdocs\mocha\wp-includes\class-wp-hook.php(310): WP_Hook->apply_filters('', Array)
#4 D:\xampp\htdocs\mocha\wp-includes\plugin.php(453): WP_Hook->do_action(Array)
#5 D:\xampp\htdocs\mocha\wp-content\themes\mocha\templates\search-product.php(66): do_action('woocommerce_bef...')
#6 D:\xampp\htdocs\mocha\wp-includes\template.php(690): require('D:\\xampp\\htdocs...')
#7 D:\xampp\htdocs\mocha\wp-includes\template.php(647): load_template('D:\\xampp\\htdocs...', false)
#8 D:\xampp\htdocs\mocha\wp-include

2018-09-10T15:22:24+00:00 CRITICAL Uncaught Error: Call to a member function is_on_sale() on null in D:\xampp\htdocs\mocha\wp-content\plugins\woocommerce\templates\loop\sale-flash.php:26
Stack trace:
#0 D:\xampp\htdocs\mocha\wp-content\plugins\woocommerce\includes\wc-core-functions.php(210): include()
#1 D:\xampp\htdocs\mocha\wp-content\plugins\woocommerce\includes\wc-template-functions.php(1245): wc_get_template('loop/sale-flash...')
#2 D:\xampp\htdocs\mocha\wp-includes\class-wp-hook.php(286): woocommerce_show_product_loop_sale_flash('')
#3 D:\xampp\htdocs\mocha\wp-includes\class-wp-hook.php(310): WP_Hook->apply_filters('', Array)
#4 D:\xampp\htdocs\mocha\wp-includes\plugin.php(453): WP_Hook->do_action(Array)
#5 D:\xampp\htdocs\mocha\wp-content\themes\mocha\templates\search-product.php(66): do_action('woocommerce_bef...')
#6 D:\xampp\htdocs\mocha\wp-includes\template.php(690): require('D:\\xampp\\htdocs...')
#7 D:\xampp\htdocs\mocha\wp-includes\template.php(647): load_template('D:\\xampp\\htdocs...', false)
#8 D:\xampp\htdocs\mocha\wp-include

2018-09-10T15:23:43+00:00 CRITICAL Uncaught Error: Call to a member function is_on_sale() on null in D:\xampp\htdocs\mocha\wp-content\plugins\woocommerce\templates\loop\sale-flash.php:26
Stack trace:
#0 D:\xampp\htdocs\mocha\wp-content\plugins\woocommerce\includes\wc-core-functions.php(210): include()
#1 D:\xampp\htdocs\mocha\wp-content\plugins\woocommerce\includes\wc-template-functions.php(1245): wc_get_template('loop/sale-flash...')
#2 D:\xampp\htdocs\mocha\wp-includes\class-wp-hook.php(286): woocommerce_show_product_loop_sale_flash('')
#3 D:\xampp\htdocs\mocha\wp-includes\class-wp-hook.php(310): WP_Hook->apply_filters('', Array)
#4 D:\xampp\htdocs\mocha\wp-includes\plugin.php(453): WP_Hook->do_action(Array)
#5 D:\xampp\htdocs\mocha\wp-content\themes\mocha\templates\search-product.php(66): do_action('woocommerce_bef...')
#6 D:\xampp\htdocs\mocha\wp-includes\template.php(690): require('D:\\xampp\\htdocs...')
#7 D:\xampp\htdocs\mocha\wp-includes\template.php(647): load_template('D:\\xampp\\htdocs...', false)
#8 D:\xampp\htdocs\mocha\wp-include

2018-09-10T15:24:45+00:00 CRITICAL Uncaught Error: Call to a member function is_on_sale() on null in D:\xampp\htdocs\mocha\wp-content\plugins\woocommerce\templates\loop\sale-flash.php:26
Stack trace:
#0 D:\xampp\htdocs\mocha\wp-content\plugins\woocommerce\includes\wc-core-functions.php(210): include()
#1 D:\xampp\htdocs\mocha\wp-content\plugins\woocommerce\includes\wc-template-functions.php(1245): wc_get_template('loop/sale-flash...')
#2 D:\xampp\htdocs\mocha\wp-includes\class-wp-hook.php(286): woocommerce_show_product_loop_sale_flash('')
#3 D:\xampp\htdocs\mocha\wp-includes\class-wp-hook.php(310): WP_Hook->apply_filters('', Array)
#4 D:\xampp\htdocs\mocha\wp-includes\plugin.php(453): WP_Hook->do_action(Array)
#5 D:\xampp\htdocs\mocha\wp-content\themes\mocha\templates\search-product.php(68): do_action('woocommerce_bef...')
#6 D:\xampp\htdocs\mocha\wp-includes\template.php(690): require('D:\\xampp\\htdocs...')
#7 D:\xampp\htdocs\mocha\wp-includes\template.php(647): load_template('D:\\xampp\\htdocs...', false)
#8 D:\xampp\htdocs\mocha\wp-include

2018-09-10T15:25:33+00:00 CRITICAL Uncaught Error: Call to a member function is_on_sale() on null in D:\xampp\htdocs\mocha\wp-content\plugins\woocommerce\templates\loop\sale-flash.php:26
Stack trace:
#0 D:\xampp\htdocs\mocha\wp-content\plugins\woocommerce\includes\wc-core-functions.php(210): include()
#1 D:\xampp\htdocs\mocha\wp-content\plugins\woocommerce\includes\wc-template-functions.php(1245): wc_get_template('loop/sale-flash...')
#2 D:\xampp\htdocs\mocha\wp-includes\class-wp-hook.php(286): woocommerce_show_product_loop_sale_flash('')
#3 D:\xampp\htdocs\mocha\wp-includes\class-wp-hook.php(310): WP_Hook->apply_filters('', Array)
#4 D:\xampp\htdocs\mocha\wp-includes\plugin.php(453): WP_Hook->do_action(Array)
#5 D:\xampp\htdocs\mocha\wp-content\themes\mocha\templates\search-product.php(68): do_action('woocommerce_bef...')
#6 D:\xampp\htdocs\mocha\wp-includes\template.php(690): require('D:\\xampp\\htdocs...')
#7 D:\xampp\htdocs\mocha\wp-includes\template.php(647): load_template('D:\\xampp\\htdocs...', false)
#8 D:\xampp\htdocs\mocha\wp-include

